+++++++++++++++++++++++++
+++++++++++++++++++++++++
+++++++++++++++++XXX+++++
+++++++++++++++++++++++++
+++++++++XX++++++++++++++
+++++++++XX++++++++++++++
+++++++++++++++++++++++++
+++++++++++++++++++++++++
+++++++++++X+++++++++++++
+++++++++++X+++++++++++++
++++++++++XXX++++++++++++
+++++++++++++++++++++++++
+++++++++++++++++++++++++
++++++++++XXX++++++++++++
+++++++++++X+++++++++++++
+++++++++++X+++++++++++++
+++++++++++X+++++++++++++
+++++++++++X+++++++++++++
++++++++++XXX++++++++++++
+++++++++++++++++++++++++
+++++++++++++++++++++++++
++++++++++XXX++++++++++++
+++++++++++X+++++++++++++
+++++++++++X+++++++++++++
+++++++++++++++++++++++++

