++++++++++++++++++++++++++++++++++++++++++++++++++
++++++++++++++++++++++++++++++++++++++++++++++++++
++++++++++++++++++++++++++++++++++++++++++++++++++
++++++++++++++++++++++++++++++++++++++++++++++++++
++++++++++++++++++++++++++++++++++++++++++++++++++
++++++++++++++++++++++++++++++++++++++++++++++++++
++++++++++++++++++++++++++++++++++++++++++++++++++
++++++++++++++++++++++++++++++++++++++++++++++++++
++++++++++++++++++++++++++++++++++++++++++++++++++
+++++++++++++++++++++++++X++++++++++++++++++++++++
+++++++x+++++++++++++++++++X++++++++++++++++++++++
++++++++++++++++++++++++XX++XXX+++++++++++++++++++
++++++++++++++++++++++++++++++++++++++++++++++++++
++++++++++++++++++++++++++++++++++++++++++++++++++
+++++++++++++X++++++++++++++++++++++++++++++++++++
+++++++XX+++++++++++++++++++++++++++++++++++++++++
++++++++X+++XXX+++++++++++++++++++++++++++++++++++
++++++++++++++++++++++++++++++++++++++++++++++++++
++++++++++++++++++++++++++++++++++++++++++++++++++
++++++++++++++++++++++++++++++++++++++++++++++++++
++++++++++++++++++++++++++++++++++++++++++++++++++
++++++++++++++++++++++++++++++++++++++++++++++++++
++++++++++++++++++++++++++++++++++++++++++++++++++
++++++++++++++++++++++++++++++++++++++++++++++++++
++++++++++++++++++++++++++++++++++++++++++++++++++

++++++++++++++++++++++++++++++++++++++++++++++++++
++++++++++++++++++++++++++++++++++++++++++++++++++
++++++++++++++++++++++++++++++++++++++++++++++++++
++++++++++++++++++++++++++++++++++++++++++++++++++
++++++++++++++++++++++++++++++++++++++++++++++++++
++++++++++++++++++++++++++++++++++++++++++++++++++
++++++++++++++++++++++++++++++++++++++++++++++++++
++++++++++++++++++++++++++++++++++++++++++++++++++
++++++++++++++++++++++++++++++++++++++++++++++++++
+++++++++++++++++++++++++XX+++++++++++++++++++++++
+++++++X+++++++++++++++++++X++X+++++++++++++++++++
++++++++++++++++++++++++XXXXXXX+++++++++++++++++++
++++++++++++++++++++++++XX++X+X+++++++++++++++++++
++++++++++++++++++++++++++++++++++++++++++++++++++
+++++++XX++++X++++++++++++++++++++++++++++++++++++
+++++++XXX++++++++++++++++++++++++++++++++++++++++
++++++++XX++XXX+++++++++++++++++++++++++++++++++++
++++++++++++X+X+++++++++++++++++++++++++++++++++++
++++++++++++++++++++++++++++++++++++++++++++++++++
++++++++++++++++++++++++++++++++++++++++++++++++++
++++++++++++++++++++++++++++++++++++++++++++++++++
++++++++++++++++++++++++++++++++++++++++++++++++++
++++++++++++++++++++++++++++++++++++++++++++++++++
++++++++++++++++++++++++++++++++++++++++++++++++++
++++++++++++++++++++++++++++++++++++++++++++++++++

++++++++++++++++++++++++++++++++++++++++++++++++++
++++++++++++++++++++++++++++++++++++++++++++++++++
++++++++++++++++++++++++++++++++++++++++++++++++++
++++++++++++++++++++++++++++++++++++++++++++++++++
++++++++++++++++++++++++++++++++++++++++++++++++++
++++++++++++++++++++++++++++++++++++++++++++++++++
++++++++++++++++++++++++++++++++++++++++++++++++++
++++++++++++++++++++++++++++++++++++++++++++++++++
+++++++++++++++++++++++++XX+++++++++++++++++++++++
+++++++++++++++++++++++++XXX++++++++++++++++++++++
+++++++X+++++++++++++++++++X++XX++++++++++++++++++
+++++++++++++++++++++++XXXXXXXX+++++++++++++++++++
+++++++++++++++++++++++XXX++X+XX++++++++++++++++++
+++++++XX+++++++++++++++XX+++X++++++++++++++++++++
++++++XXX++++X++++++++++++++++++++++++++++++++++++
++++++XXXXX+++++++++++++++++++++++++++++++++++++++
++++++++XXXXXXXX++++++++++++++++++++++++++++++++++
++++++++XX+XX+XX++++++++++++++++++++++++++++++++++
+++++++++++++X++++++++++++++++++++++++++++++++++++
++++++++++++++++++++++++++++++++++++++++++++++++++
++++++++++++++++++++++++++++++++++++++++++++++++++
++++++++++++++++++++++++++++++++++++++++++++++++++
++++++++++++++++++++++++++++++++++++++++++++++++++
++++++++++++++++++++++++++++++++++++++++++++++++++
++++++++++++++++++++++++++++++++++++++++++++++++++

++++++++++++++++++++++++++++++++++++++++++++++++++
++++++++++++++++++++++++++++++++++++++++++++++++++
++++++++++++++++++++++++++++++++++++++++++++++++++
++++++++++++++++++++++++++++++++++++++++++++++++++
++++++++++++++++++++++++++++++++++++++++++++++++++
++++++++++++++++++++++++++++++++++++++++++++++++++
++++++++++++++++++++++++++++++++++++++++++++++++++
+++++++++++++++++++++++++XX+++++++++++++++++++++++
++++++++++++++++++++++++XXX+++++++++++++++++++++++
++++++++++++++++++++++++XXXXX+XX++++++++++++++++++
+++++++X+++++++++++++++X+++X++XX++++++++++++++++++
++++++++++++++++++++++XXXXXXXXX+X+++++++++++++++++
+++++++XX+++++++++++++XXXX++X+XX++++++++++++++++++
+++++++XXX++++++++++++++XXX+XX+X++++++++++++++++++
+++++XXXX+X++X++++++++++XX++++++++++++++++++++++++
+++++XXXXXX++++X++++++++++++++++++++++++++++++++++
++++++X+XXXXXXXXX+++++++++++++++++++++++++++++++++
+++++++XXX+XX+XXX+++++++++++++++++++++++++++++++++
++++++++XXXX+X+X++++++++++++++++++++++++++++++++++
++++++++++++++++++++++++++++++++++++++++++++++++++
++++++++++++++++++++++++++++++++++++++++++++++++++
++++++++++++++++++++++++++++++++++++++++++++++++++
++++++++++++++++++++++++++++++++++++++++++++++++++
++++++++++++++++++++++++++++++++++++++++++++++++++
++++++++++++++++++++++++++++++++++++++++++++++++++

++++++++++++++++++++++++++++++++++++++++++++++++++
++++++++++++++++++++++++++++++++++++++++++++++++++
++++++++++++++++++++++++++++++++++++++++++++++++++
++++++++++++++++++++++++++++++++++++++++++++++++++
++++++++++++++++++++++++++++++++++++++++++++++++++
++++++++++++++++++++++++++++++++++++++++++++++++++
++++++++++++++++++++++++++++++++++++++++++++++++++
++++++++++++++++++++++++++++++++++++++++++++++++++
+++++++++++++++++++++++++X+X++++++++++++++++++++++
+++++++++++++++++++++++++X+X++++++++++++++++++++++
+++++++X++++++++++++++++++++++XX++++++++++++++++++
+++++++++++++++++++++++X++++++++++++++++++++++++++
+++++++++++++++++++++++++++++++X++++++++++++++++++
++++++X+X++++++++++++++X+X+++XX+++++++++++++++++++
++++++++++++++++++++++++++++++++++++++++++++++++++
++++++X+++++++++++++++++++++++++++++++++++++++++++
+++++++++++++++X++++++++++++++++++++++++++++++++++
++++++++X++++++X++++++++++++++++++++++++++++++++++
++++++++++++XXX+++++++++++++++++++++++++++++++++++
++++++++++++++++++++++++++++++++++++++++++++++++++
++++++++++++++++++++++++++++++++++++++++++++++++++
++++++++++++++++++++++++++++++++++++++++++++++++++
++++++++++++++++++++++++++++++++++++++++++++++++++
++++++++++++++++++++++++++++++++++++++++++++++++++
++++++++++++++++++++++++++++++++++++++++++++++++++

++++++++++++++++++++++++++++++++++++++++++++++++++
++++++++++++++++++++++++++++++++++++++++++++++++++
++++++++++++++++++++++++++++++++++++++++++++++++++
++++++++++++++++++++++++++++++++++++++++++++++++++
++++++++++++++++++++++++++++++++++++++++++++++++++
++++++++++++++++++++++++++++++++++++++++++++++++++
++++++++++++++++++++++++++++++++++++++++++++++++++
++++++++++++++++++++++++++++++++++++++++++++++++++
++++++++++++++++++++++++++++++++++++++++++++++++++
++++++++++++++++++++++++++X+++++++++++++++++++++++
+++++++X++++++++++++++++X+++++X+++++++++++++++++++
++++++++++++++++++++++++X+++++XX++++++++++++++++++
++++++++++++++++++++++++X+++X+X+++++++++++++++++++
++++++++++++++++++++++++++++++++++++++++++++++++++
+++++++X+X++++++++++++++++++++++++++++++++++++++++
++++++++++++X+X+++++++++++++++++++++++++++++++++++
+++++++X+X++X+X+++++++++++++++++++++++++++++++++++
++++++++++++X+X+++++++++++++++++++++++++++++++++++
++++++++++++++++++++++++++++++++++++++++++++++++++
++++++++++++++++++++++++++++++++++++++++++++++++++
++++++++++++++++++++++++++++++++++++++++++++++++++
++++++++++++++++++++++++++++++++++++++++++++++++++
++++++++++++++++++++++++++++++++++++++++++++++++++
++++++++++++++++++++++++++++++++++++++++++++++++++
++++++++++++++++++++++++++++++++++++++++++++++++++

++++++++++++++++++++++++++++++++++++++++++++++++++
++++++++++++++++++++++++++++++++++++++++++++++++++
++++++++++++++++++++++++++++++++++++++++++++++++++
++++++++++++++++++++++++++++++++++++++++++++++++++
++++++++++++++++++++++++++++++++++++++++++++++++++
++++++++++++++++++++++++++++++++++++++++++++++++++
++++++++++++++++++++++++++++++++++++++++++++++++++
++++++++++++++++++++++++++++++++++++++++++++++++++
++++++++++++++++++++++++++++++++++++++++++++++++++
+++++++++++++++++++++++++XX+++++++++++++++++++++++
+++++++X+++++++++++++++XX++++XX+++++++++++++++++++
++++++++++++++++++++++++X+++++XX++++++++++++++++++
+++++++++++++++++++++++XXX++X+X+++++++++++++++++++
++++++++X++++++++++++++++++++X++++++++++++++++++++
+++++++XXX+++X++++++++++++++++++++++++++++++++++++
++++++XX+XXXX+XX++++++++++++++++++++++++++++++++++
+++++++XXX++X+X+++++++++++++++++++++++++++++++++++
++++++++X++XX+XX++++++++++++++++++++++++++++++++++
+++++++++++++X++++++++++++++++++++++++++++++++++++
++++++++++++++++++++++++++++++++++++++++++++++++++
++++++++++++++++++++++++++++++++++++++++++++++++++
++++++++++++++++++++++++++++++++++++++++++++++++++
++++++++++++++++++++++++++++++++++++++++++++++++++
++++++++++++++++++++++++++++++++++++++++++++++++++
++++++++++++++++++++++++++++++++++++++++++++++++++

++++++++++++++++++++++++++++++++++++++++++++++++++
++++++++++++++++++++++++++++++++++++++++++++++++++
++++++++++++++++++++++++++++++++++++++++++++++++++
++++++++++++++++++++++++++++++++++++++++++++++++++
++++++++++++++++++++++++++++++++++++++++++++++++++
++++++++++++++++++++++++++++++++++++++++++++++++++
++++++++++++++++++++++++++++++++++++++++++++++++++
++++++++++++++++++++++++++++++++++++++++++++++++++
++++++++++++++++++++++++++++++++++++++++++++++++++
++++++++++++++++++++++++++++++++++++++++++++++++++
+++++++X+++++++++++++++++X++++XX++++++++++++++++++
+++++++++++++++++++++++XXX++++XX++++++++++++++++++
+++++++++++++++++++++++++++++XXX++++++++++++++++++
++++++++++++++++++++++++++++++++++++++++++++++++++
++++++++++++++++++++++++++++++++++++++++++++++++++
++++++++++++++++++++++++++++++++++++++++++++++++++
+++++++++++XX+XX++++++++++++++++++++++++++++++++++
++++++++++++++++++++++++++++++++++++++++++++++++++
++++++++++++++++++++++++++++++++++++++++++++++++++
++++++++++++++++++++++++++++++++++++++++++++++++++
++++++++++++++++++++++++++++++++++++++++++++++++++
++++++++++++++++++++++++++++++++++++++++++++++++++
++++++++++++++++++++++++++++++++++++++++++++++++++
++++++++++++++++++++++++++++++++++++++++++++++++++
++++++++++++++++++++++++++++++++++++++++++++++++++

++++++++++++++++++++++++++++++++++++++++++++++++++
++++++++++++++++++++++++++++++++++++++++++++++++++
++++++++++++++++++++++++++++++++++++++++++++++++++
++++++++++++++++++++++++++++++++++++++++++++++++++
++++++++++++++++++++++++++++++++++++++++++++++++++
++++++++++++++++++++++++++++++++++++++++++++++++++
++++++++++++++++++++++++++++++++++++++++++++++++++
++++++++++++++++++++++++++++++++++++++++++++++++++
++++++++++++++++++++++++++++++++++++++++++++++++++
++++++++++++++++++++++++++++++++++++++++++++++++++
+++++++X++++++++++++++++XXX+XX++++++++++++++++++++
++++++++++++++++++++++++++++XX++++++++++++++++++++
+++++++++++++++++++++++++++++X++++++++++++++++++++
++++++++++++++++++++++++++++++++++++++++++++++++++
++++++++++++++++++++++++++++++++++++++++++++++++++
+++++++XX+++X+X+++++++++++++++++++++++++++++++++++
+++++++XX++++X++++++++++++++++++++++++++++++++++++
+++++++++++++X++++++++++++++++++++++++++++++++++++
++++++++++++++++++++++++++++++++++++++++++++++++++
++++++++++++++++++++++++++++++++++++++++++++++++++
++++++++++++++++++++++++++++++++++++++++++++++++++
++++++++++++++++++++++++++++++++++++++++++++++++++
++++++++++++++++++++++++++++++++++++++++++++++++++
++++++++++++++++++++++++++++++++++++++++++++++++++
++++++++++++++++++++++++++++++++++++++++++++++++++

++++++++++++++++++++++++++++++++++++++++++++++++++
++++++++++++++++++++++++++++++++++++++++++++++++++
++++++++++++++++++++++++++++++++++++++++++++++++++
++++++++++++++++++++++++++++++++++++++++++++++++++
++++++++++++++++++++++++++++++++++++++++++++++++++
++++++++++++++++++++++++++++++++++++++++++++++++++
++++++++++++++++++++++++++++++++++++++++++++++++++
++++++++++++++++++++++++++++++++++++++++++++++++++
++++++++++++++++++++++++++++++++++++++++++++++++++
++++++++++++++++++++++++X+XXXX++++++++++++++++++++
+++++++X++++++++++++++++XXX+XXX+++++++++++++++++++
++++++++++++++++++++++++X+X+XX++++++++++++++++++++
+++++++++++++++++++++++++++++XX+++++++++++++++++++
++++++++++++++++++++++++++++++++++++++++++++++++++
+++++++XX++++X++++++++++++++++++++++++++++++++++++
++++++XXXX++X+X+++++++++++++++++++++++++++++++++++
++++++XXXX+++X++++++++++++++++++++++++++++++++++++
+++++++XX+++XXX+++++++++++++++++++++++++++++++++++
++++++++++++++++++++++++++++++++++++++++++++++++++
++++++++++++++++++++++++++++++++++++++++++++++++++
++++++++++++++++++++++++++++++++++++++++++++++++++
++++++++++++++++++++++++++++++++++++++++++++++++++
++++++++++++++++++++++++++++++++++++++++++++++++++
++++++++++++++++++++++++++++++++++++++++++++++++++
++++++++++++++++++++++++++++++++++++++++++++++++++

++++++++++++++++++++++++++++++++++++++++++++++++++
++++++++++++++++++++++++++++++++++++++++++++++++++
++++++++++++++++++++++++++++++++++++++++++++++++++
++++++++++++++++++++++++++++++++++++++++++++++++++
++++++++++++++++++++++++++++++++++++++++++++++++++
++++++++++++++++++++++++++++++++++++++++++++++++++
++++++++++++++++++++++++++++++++++++++++++++++++++
++++++++++++++++++++++++++++++++++++++++++++++++++
+++++++++++++++++++++++++XX++X++++++++++++++++++++
+++++++++++++++++++++++XX+XXXX++++++++++++++++++++
+++++++X++++++++++++++++XXX+XXX+++++++++++++++++++
+++++++++++++++++++++++XX+X+XX+X++++++++++++++++++
+++++++++++++++++++++++++X+X+XX+++++++++++++++++++
+++++++XX++++++++++++++++++++XX+++++++++++++++++++
+++++++XX+++XXX+++++++++++++++++++++++++++++++++++
+++++XXXXXX+X+X+++++++++++++++++++++++++++++++++++
+++++XXXXXXX+X+X++++++++++++++++++++++++++++++++++
+++++++XX+++XXX+++++++++++++++++++++++++++++++++++
+++++++XX+++X+X+++++++++++++++++++++++++++++++++++
++++++++++++++++++++++++++++++++++++++++++++++++++
++++++++++++++++++++++++++++++++++++++++++++++++++
++++++++++++++++++++++++++++++++++++++++++++++++++
++++++++++++++++++++++++++++++++++++++++++++++++++
++++++++++++++++++++++++++++++++++++++++++++++++++
++++++++++++++++++++++++++++++++++++++++++++++++++

++++++++++++++++++++++++++++++++++++++++++++++++++
++++++++++++++++++++++++++++++++++++++++++++++++++
++++++++++++++++++++++++++++++++++++++++++++++++++
++++++++++++++++++++++++++++++++++++++++++++++++++
++++++++++++++++++++++++++++++++++++++++++++++++++
++++++++++++++++++++++++++++++++++++++++++++++++++
++++++++++++++++++++++++++++++++++++++++++++++++++
++++++++++++++++++++++++++++++++++++++++++++++++++
+++++++++++++++++++++++++++XX+++++++++++++++++++++
++++++++++++++++++++++++X+X+++X+++++++++++++++++++
+++++++X+++++++++++++++XX+++++X+++++++++++++++++++
++++++++++++++++++++++++X+X+++++++++++++++++++++++
++++++++++++++++++++++++++++XXX+++++++++++++++++++
++++++++++++++++++++++++++++++++++++++++++++++++++
++++++X++X+++X++++++++++++++++++++++++++++++++++++
++++++++++++X+X+++++++++++++++++++++++++++++++++++
++++++++++++++++++++++++++++++++++++++++++++++++++
++++++X++X++XXX+++++++++++++++++++++++++++++++++++
+++++++++++++X++++++++++++++++++++++++++++++++++++
++++++++++++++++++++++++++++++++++++++++++++++++++
++++++++++++++++++++++++++++++++++++++++++++++++++
++++++++++++++++++++++++++++++++++++++++++++++++++
++++++++++++++++++++++++++++++++++++++++++++++++++
++++++++++++++++++++++++++++++++++++++++++++++++++
++++++++++++++++++++++++++++++++++++++++++++++++++

++++++++++++++++++++++++++++++++++++++++++++++++++
++++++++++++++++++++++++++++++++++++++++++++++++++
++++++++++++++++++++++++++++++++++++++++++++++++++
++++++++++++++++++++++++++++++++++++++++++++++++++
++++++++++++++++++++++++++++++++++++++++++++++++++
++++++++++++++++++++++++++++++++++++++++++++++++++
++++++++++++++++++++++++++++++++++++++++++++++++++
++++++++++++++++++++++++++++++++++++++++++++++++++
++++++++++++++++++++++++++++++++++++++++++++++++++
+++++++++++++++++++++++++X++++++++++++++++++++++++
+++++++X+++++++++++++++++X+XXX++++++++++++++++++++
+++++++++++++++++++++++++X+X++X+++++++++++++++++++
++++++++++++++++++++++++++++XX++++++++++++++++++++
++++++++++++++++++++++++++++++++++++++++++++++++++
++++++++++++++++++++++++++++++++++++++++++++++++++
+++++++XX++++X++++++++++++++++++++++++++++++++++++
+++++++XX+++XXX+++++++++++++++++++++++++++++++++++
++++++++++++++++++++++++++++++++++++++++++++++++++
++++++++++++++++++++++++++++++++++++++++++++++++++
++++++++++++++++++++++++++++++++++++++++++++++++++
++++++++++++++++++++++++++++++++++++++++++++++++++
++++++++++++++++++++++++++++++++++++++++++++++++++
++++++++++++++++++++++++++++++++++++++++++++++++++
++++++++++++++++++++++++++++++++++++++++++++++++++
++++++++++++++++++++++++++++++++++++++++++++++++++

++++++++++++++++++++++++++++++++++++++++++++++++++
++++++++++++++++++++++++++++++++++++++++++++++++++
++++++++++++++++++++++++++++++++++++++++++++++++++
++++++++++++++++++++++++++++++++++++++++++++++++++
++++++++++++++++++++++++++++++++++++++++++++++++++
++++++++++++++++++++++++++++++++++++++++++++++++++
++++++++++++++++++++++++++++++++++++++++++++++++++
++++++++++++++++++++++++++++++++++++++++++++++++++
++++++++++++++++++++++++++++++++++++++++++++++++++
++++++++++++++++++++++++XX+X+X++++++++++++++++++++
+++++++X+++++++++++++++++X+XXXX+++++++++++++++++++
++++++++++++++++++++++++XX+X++X+++++++++++++++++++
++++++++++++++++++++++++++XXXXX+++++++++++++++++++
++++++++++++++++++++++++++++XX++++++++++++++++++++
+++++++XX+++++++++++++++++++++++++++++++++++++++++
++++++XXXX+++X++++++++++++++++++++++++++++++++++++
++++++XXXX++XXX+++++++++++++++++++++++++++++++++++
+++++++XX+++X+X+++++++++++++++++++++++++++++++++++
++++++++++++++++++++++++++++++++++++++++++++++++++
++++++++++++++++++++++++++++++++++++++++++++++++++
++++++++++++++++++++++++++++++++++++++++++++++++++
++++++++++++++++++++++++++++++++++++++++++++++++++
++++++++++++++++++++++++++++++++++++++++++++++++++
++++++++++++++++++++++++++++++++++++++++++++++++++
++++++++++++++++++++++++++++++++++++++++++++++++++

++++++++++++++++++++++++++++++++++++++++++++++++++
++++++++++++++++++++++++++++++++++++++++++++++++++
++++++++++++++++++++++++++++++++++++++++++++++++++
++++++++++++++++++++++++++++++++++++++++++++++++++
++++++++++++++++++++++++++++++++++++++++++++++++++
++++++++++++++++++++++++++++++++++++++++++++++++++
++++++++++++++++++++++++++++++++++++++++++++++++++
++++++++++++++++++++++++++++++++++++++++++++++++++
++++++++++++++++++++++++++++++++++++++++++++++++++
++++++++++++++++++++++++++X+X+++++++++++++++++++++
+++++++X++++++++++++++++XX+XXX++++++++++++++++++++
+++++++++++++++++++++++++++X++X+++++++++++++++++++
++++++++++++++++++++++++++++XX++++++++++++++++++++
++++++++++++++++++++++++++++++++++++++++++++++++++
++++++++++++++++++++++++++++++++++++++++++++++++++
+++++++XX+++XXX+++++++++++++++++++++++++++++++++++
+++++++XX+++XXX+++++++++++++++++++++++++++++++++++
+++++++++++++X++++++++++++++++++++++++++++++++++++
++++++++++++++++++++++++++++++++++++++++++++++++++
++++++++++++++++++++++++++++++++++++++++++++++++++
++++++++++++++++++++++++++++++++++++++++++++++++++
++++++++++++++++++++++++++++++++++++++++++++++++++
++++++++++++++++++++++++++++++++++++++++++++++++++
++++++++++++++++++++++++++++++++++++++++++++++++++
++++++++++++++++++++++++++++++++++++++++++++++++++

