++++++++++++++++++++++++++++XX+++++++++++++++++++++++++++++++++++++++++++++++++XX+++++++++++++++++++
++++++++++++++++++++++++++++XX+++++++++++++++++++++++++++++++++++++XX++++++++++XX+++++++++++++XX++++
+++++++++++++++++X++++++++++++++++++++++++++++++++++++++++++++++++X++X+++++++++++++++++++++++X++X+++
++++++++++++++++X+X++++++++++++++++++++++++++++++++++++++++++++++++XX+++++++++++++++++++++++++XX++++
++++++++++++++++X+X+++++++++++++++++++++++++++++++++++++++++++++++++++++++++++++++++++++++++++++++++
+++++++++++++++++X+++++++++++++++++++++++++++++++++++++++++++++++++++++++++++++++XX+++++++++++++++++
+++++++++++++++++++++++++++++++++++++++++++++++++++++++++++++++++++++++++++++++++XX+++++++++++++++++
++++++++++++++++++++++++++++++++++++++++++++++++++++++++++++++++++++++++++++++++++++++++++++++++++++
++++++++++++++++++++++++++++++++++++++++++++++++++++++++++++++++++++++++++++++++++++++++++++++++++++
++++++++++++++++++++++++++++++++++++++++++++++++++++++++++++++++++++++++++++++++++++++++++++++++++++
+++++++++++++++++++++++XX+++++++++++++++++++++++++++++++++++++++++++++++++++++++++++++++++++++++++++
+++++++++++++++++++++++XX++++++++++++++++++++++++++++++++++++XX+++++++++++++++++++++++++++++++++++++
++++++++++++++++++++++++++++++++++++++++++++++++++++++++++++X++X++++++++++++++++++++++++++++++++++++
+++++++++++++++++++++++++++++++++++++++++++++++++++++++++++++XX+++++++++++++++++++++++++++++++++++++
++++++++++++++++++++++++++++++++++++++++++++++++++++++++++++++++++++++++++++++++++++++++++++++++++++
++++++++++++++++++++++++++++++++++++++++++++++++++++++++++++++++++++++++++++++++++++++++++++++++++++
++++++++++++++++++++++++++++++++++++++++++++++++++++++++++++++++++++++++++++++++++++++++++++++++++++
++++++++++++++++++++++++++++++++++++++++++++++++++++++++++++++++++++++++++++++++++++++++++++++++++++
+++++++++++++++++++++++++++++++++XX++++++++++++++++++++++++++++++++++++++++++++++++++++++XX+++++++++
++++++++++++++++++++++++++XX+++++XX++++++++++++++++++++++++++++++++XXX+++++++++++++++++++XX+++++++++
++++++++++++++++++++++++++XX+++++XX+++++X+++++++++++++++++++++++++++++++++++++++++++++++++++++++++++
+++++++++++++++++++++++++XX+++++XX++++++X+++++++++++++++++++++++++++++++++++++++++++++++++++++++++++
++++++++++++++++++++++++++X+X++XX+++++++X+++++++++++++++++++++++++++++++++++++++++++++++++++++++++++
+++++++++++++++++++++++++++XX+++++XXX+++++++++++++++++++++++++++++++++++++++++++++++++++++++++++++++
++++++++++++++++++++XXXXX++++X+XXX++X++++++++++++++XXX++++++++X+++++++++++++++++++++++++++++++++++++
++++++++++++++++++++XX+XXX+X+XX++++X+++++++++++++++X++X+++++++X+++++++++++++++++++++++++++++++++++++
++++++++++++++++++++++++XX+X++X++X+++X++++++++++++X++XX+++++++X+++++++++++++++++++++++++++++++++++++
+++++++X+++++++++++X++++X++X++X+++++++X+++++++++++XXXX++++++++++++++XX++++++++++++++++++++++++++XX++
++++++X+X+++++++++++++++X++++XXX++++++X++++++++++X++X++++++++++++++X++X+++++++++++++++++++++++++XX++
+++++XX+X+X+++++++++++X+++++++X+X++++++X+++++++++X+++X++++++++++++++X+X+++++++++++++++++++X+++++++++
++++++X++++X++++++++++++X++++X+++XX++XXXXX++++++++X+X++++++++++++++++X+++++++++++++++++++X+X++++++++
+++++++X+++X++++++++++++X+++++++++++XX+XXX+++++++++X+++++++XX++++++++++++++++++++++++++++XX+++++++++
++++++++XXX++++++++++++++XX++++++++++X+++X+++++++++++++++++XX+++++++++++++++++++++++++++++++++++++++
+++++++++++++++++++++XX+++++++++++++++X++X+++++++++++++++++++++++X+++++++++++++++++++++++++++++++XX+
+++++++++XX+++++++++X+XX++++++++++++++++X++++++++++++++++++++++X++X++++++++++++++++++++++++++++++XX+
+++++++++XX+++++++++++++++++++++++++++++X++++++++++++++++++++++X+++X++++++++++++++++++++++++++++++++
++++++++++++++++++++++++++++++++++++++X+++++++++++++++++++++++++++X+++++++++++++++++++++++++++++++++
+++++++++++++++++++++++++++++X++++++++X+X++++X+++++++++++++++++++XX+++++++++++++++++++++++++++++++++
++++++++++++++++++++++++++++X+X+++++++XX+++++X+++++++++++++++++X+X++++++++++++++++++++++++++++++++++
+++++++++++++++++++++++++++X+++++++X+++++++++X+++++++++++++++++X+X++++++++++++++++++++++++++++++++++
+++++++++++++++++++++++++++X++X+++++X++++++++++++++++++++++++++XXX++++++++++++++++++++++++++++++++++
++++++++++++++++++++++++++++++X++++X++++++++++++++++++XX++++++++++++++++++++++++++++++++++++++++++++
++++++++++++++++++++++++++X+++X+++++++++++++++++++XX++XX++++++++++++++++++++++++++++++++++++++++++++
+++++++++++++++++++++XXX++++++++++++++++++++++++++XX++++++++++++++++++++++++++++++++++++++++++++++++
+++++++++++++++++++++X+X+X+++XX+++++++++++++++++++++++++++++++++++++++++++++++++++++++++++++++++++++
+++++++++++++++++++++++XXXX+++XX++++++++++++++++++++++++++++++++++++++++++++++++++++++++++++++++++++
+++++++++++++++++++++++XXX++++++++++++++++++++++++++++++++++++++++++++++++++++++++++++++++++++++++++
++++++++++++++++++++++++X+++XX++++++++++++++++++++++++++++++++++++++++++++++++++++++++++++++++++++++
+++++++++++++++++++++++++XXXX+++++++XX++++++++++++++++++++++++++++++++++++++++++++++++++++++++++++++
+++++++++++++++++++++++++++X++++++++XX++++++++++++++++++++++++++++++++++++++++++++++++++++++++++++++

