++++++++++++++++++++++++++++++++++++++++++++++++++
++++++++++++++++++++++++++++++++++++++++++++++++++
++++++++++++++++++++++++X+X+++++++++++++++++++++++
++++++++++++++++++++++X+++X+++++++++++++++++++++++
++++++++++++++X+++++++X++++++++++++XX+++++++++++++
+++++++++++++XXXX++++X++++X++++++++XX+++++++++++++
+XX+++++++++XX+X+X++++X+++++++++++++++++++++++++++
+XX++++++++XXX+X++X+++X+++X+++++++++++++++++++++++
++++++++++++XX+X+X++++++X+X+++++++++++++++++++++++
+++++++++++++XXXX+++++++++++++++++++++++++++++++++
++++++++++++++X+++++++++++++++++++++++++++++++++++
+++++++++++++++++++++++++X++++++++++++++++++++++++
+++++++++++++++++++++++X+X++++++++++++++++++++++++
++++++++++++++++++++++++XX++++++++++++++++++++++++
++++++++++++++++++++++++++++++++++++++++++++++++++
++++++++++++++++++++++++++++++++++++++++++++++++++
++++++++++++++++++++++++++++++++++++++++++++++++++
++++++++++++++++++++++++++++++++++++++++++++++++++
++++++++++++++++++++++++++++++++X+++++++++++++++++
+++++++++++++++++++++++++++++++++X++++++++++++++++
+++++++++++++++++++++++++++++++XXX++++++++++++++++
++++++++++++++++++++++++++++++++++++++++++++++++++
++++++++++++++++++++++++++++++++++++++++++++++++++
++++++++++++++++++++++++++++++++++++XX++++++++++++
++++++++++++++++++++++++++++++++++++XX++++++++++++

